<?xml version="1.0" encoding="UTF-8"?>
<!-- Generated by org.testng.reporters.JUnitReportReporter -->
<testsuite hostname="DESKTOP-6PCN34J" failures="0" tests="1" name="TestNgdemo" time="0.038" errors="0" timestamp="2024-01-16T21:27:13 IST" skipped="0">
  <testcase classname="TestNgdemo" name="f" time="0.038"/>
</testsuite> <!-- TestNgdemo -->
